<?xml version="1.0" encoding="UTF-8"?>
<!-- Generated by org.testng.reporters.JUnitReportReporter -->
<testsuite hostname="LAPTOP-9VSOEGIB" failures="0" tests="2" name="Snacks.Lays" time="300.084" errors="0" timestamp="2023-03-09T10:19:16 IST" skipped="0">
  <testcase classname="Snacks.Lays" name="ToLaunchLays" time="205.248"/>
  <system-out>
Lays website launched  </system-out>
  <testcase classname="Snacks.Lays" name="ToLaunchLays" time="94.836"/>
  <system-out>
Lays website launched  </system-out>
</testsuite> <!-- Snacks.Lays -->
