<?xml version="1.0" encoding="UTF-8"?>
<!-- Generated by org.testng.reporters.JUnitReportReporter -->
<testsuite hostname="LAPTOP-9VSOEGIB" failures="0" tests="3" name="UnitTestingTool.TC_001" time="15.402" errors="0" timestamp="2023-02-20T17:01:39 IST" skipped="1">
  <testcase classname="UnitTestingTool.TC_001" name="swiggy" time="8.008"/>
  <system-out/>
  <testcase classname="UnitTestingTool.TC_001" name="swiggy" time="7.394"/>
  <system-out/>
  <testcase classname="UnitTestingTool.TC_001" name="baskin">
    <skipped/>
  </testcase> <!-- baskin -->
  <system-out/>
</testsuite> <!-- UnitTestingTool.TC_001 -->
