<?xml version="1.0" encoding="UTF-8"?>
<!-- Generated by org.testng.reporters.JUnitReportReporter -->
<testsuite hostname="LAPTOP-9VSOEGIB" failures="0" tests="12" name="UnitTestingTool.ToUnderstandDataProviderExcel" time="277.601" errors="0" timestamp="2023-02-22T11:19:04 IST" skipped="0">
  <testcase classname="UnitTestingTool.ToUnderstandDataProviderExcel" name="register" time="19.334"/>
  <system-out/>
  <testcase classname="UnitTestingTool.ToUnderstandDataProviderExcel" name="register" time="20.072"/>
  <system-out/>
  <testcase classname="UnitTestingTool.ToUnderstandDataProviderExcel" name="register" time="18.266"/>
  <system-out/>
  <testcase classname="UnitTestingTool.ToUnderstandDataProviderExcel" name="register" time="17.652"/>
  <system-out/>
  <testcase classname="UnitTestingTool.ToUnderstandDataProviderExcel" name="register" time="68.124"/>
  <system-out/>
  <testcase classname="UnitTestingTool.ToUnderstandDataProviderExcel" name="register" time="17.490"/>
  <system-out/>
  <testcase classname="UnitTestingTool.ToUnderstandDataProviderExcel" name="register" time="16.708"/>
  <system-out/>
  <testcase classname="UnitTestingTool.ToUnderstandDataProviderExcel" name="register" time="21.753"/>
  <system-out/>
  <testcase classname="UnitTestingTool.ToUnderstandDataProviderExcel" name="register" time="17.497"/>
  <system-out/>
  <testcase classname="UnitTestingTool.ToUnderstandDataProviderExcel" name="register" time="22.421"/>
  <system-out/>
  <testcase classname="UnitTestingTool.ToUnderstandDataProviderExcel" name="register" time="17.579"/>
  <system-out/>
  <testcase classname="UnitTestingTool.ToUnderstandDataProviderExcel" name="register" time="20.705"/>
  <system-out/>
</testsuite> <!-- UnitTestingTool.ToUnderstandDataProviderExcel -->
