<?xml version="1.0" encoding="UTF-8"?>
<!-- Generated by org.testng.reporters.JUnitReportReporter -->
<testsuite hostname="LAPTOP-9VSOEGIB" failures="0" tests="1" name="SoftDrinks.SevenUp" time="17.517" errors="0" timestamp="2023-02-21T16:21:13 IST" skipped="0">
  <testcase classname="SoftDrinks.SevenUp" name="ToLaunchSevenUp" time="17.517"/>
  <system-out>
7Up website launched  </system-out>
</testsuite> <!-- SoftDrinks.SevenUp -->
