<?xml version="1.0" encoding="UTF-8"?>
<!-- Generated by org.testng.reporters.JUnitReportReporter -->
<testsuite hostname="LAPTOP-9VSOEGIB" failures="0" tests="1" name="Snacks.Doritos" time="10.617" errors="0" timestamp="2023-02-21T14:41:10 IST" skipped="0">
  <testcase classname="Snacks.Doritos" name="ToLaunchDoritos" time="10.617"/>
  <system-out>
Doritos website launched  </system-out>
</testsuite> <!-- Snacks.Doritos -->
