<?xml version="1.0" encoding="UTF-8"?>
<!-- Generated by org.testng.reporters.JUnitReportReporter -->
<testsuite hostname="LAPTOP-9VSOEGIB" failures="0" tests="1" name="SoftDrinks.Fanta" time="47.097" errors="0" timestamp="2023-02-21T16:09:02 IST" skipped="0">
  <testcase classname="SoftDrinks.Fanta" name="ToLaunchFanta" time="47.097"/>
  <system-out>
Fanta website launched  </system-out>
</testsuite> <!-- SoftDrinks.Fanta -->
