<?xml version="1.0" encoding="UTF-8"?>
<!-- Generated by org.testng.reporters.JUnitReportReporter -->
<testsuite hostname="LAPTOP-9VSOEGIB" failures="0" tests="1" name="SoftDrinks.Pepsi" time="11.125" errors="0" timestamp="2023-02-21T16:20:08 IST" skipped="0">
  <testcase classname="SoftDrinks.Pepsi" name="ToLaunchPepsi" time="11.125"/>
  <system-out>
Pepsi website launched  </system-out>
</testsuite> <!-- SoftDrinks.Pepsi -->
